<?xml version="1.0" encoding="UTF-8"?>
<!-- Generated by org.testng.reporters.JUnitXMLReporter -->
<testsuite ignored="0" hostname="5410-TI12897" failures="0" tests="5" name="Open Cart Home Page Test_chromium" time="16.59" errors="0" timestamp="2024-09-23T13:26:32 IST">
  <testcase classname="com.qa.opencart.tests.HomePageTest" name="homePageTitleTest" time="0.07"/>
  <testcase classname="com.qa.opencart.tests.HomePageTest" name="homePageUrlTest" time="0.001"/>
  <testcase classname="com.qa.opencart.tests.HomePageTest" name="searcTest" time="2.838"/>
  <testcase classname="com.qa.opencart.tests.HomePageTest" name="searcTest" time="1.574"/>
  <testcase classname="com.qa.opencart.tests.HomePageTest" name="searcTest" time="1.372"/>
</testsuite> <!-- Open Cart Home Page Test_chromium -->
