<?xml version="1.0" encoding="UTF-8"?>
<!-- Generated by org.testng.reporters.JUnitXMLReporter -->
<testsuite ignored="0" hostname="5410-TI12897" failures="0" tests="5" name="Open Cart Home Page Test_chrome" time="14.391" errors="0" timestamp="2024-09-23T13:26:29 IST">
  <testcase classname="com.qa.opencart.tests.HomePageTest" name="homePageTitleTest" time="0.013"/>
  <testcase classname="com.qa.opencart.tests.HomePageTest" name="homePageUrlTest" time="0.001"/>
  <testcase classname="com.qa.opencart.tests.HomePageTest" name="searcTest" time="1.914"/>
  <testcase classname="com.qa.opencart.tests.HomePageTest" name="searcTest" time="1.627"/>
  <testcase classname="com.qa.opencart.tests.HomePageTest" name="searcTest" time="1.422"/>
</testsuite> <!-- Open Cart Home Page Test_chrome -->
