<?xml version="1.0" encoding="UTF-8"?>
<!-- Generated by org.testng.reporters.JUnitXMLReporter -->
<testsuite ignored="0" hostname="5410-TI12897" failures="0" tests="3" name="Open Cart Login Page Test_edge" time="13.595" errors="0" timestamp="2024-09-23T13:26:29 IST">
  <testcase classname="com.qa.opencart.tests.LoginPageTest" name="loginPageNavigationTest" time="1.221"/>
  <testcase classname="com.qa.opencart.tests.LoginPageTest" name="forgotPasswordLinkExistTest" time="0.016"/>
  <testcase classname="com.qa.opencart.tests.LoginPageTest" name="appLoginTest" time="2.978"/>
</testsuite> <!-- Open Cart Login Page Test_edge -->
