<?xml version="1.0" encoding="UTF-8"?>
<!-- Generated by org.testng.reporters.JUnitXMLReporter -->
<testsuite ignored="0" hostname="5410-TI12897" failures="0" tests="5" name="Open Cart Home Page Test_chromium" time="33.975" errors="0" timestamp="2024-09-23T13:20:49 IST">
  <testcase classname="com.qa.opencart.tests.HomePageTest" name="homePageTitleTest" time="0.014"/>
  <testcase classname="com.qa.opencart.tests.HomePageTest" name="homePageUrlTest" time="0.001"/>
  <testcase classname="com.qa.opencart.tests.HomePageTest" name="searcTest" time="9.182"/>
  <testcase classname="com.qa.opencart.tests.HomePageTest" name="searcTest" time="5.317"/>
  <testcase classname="com.qa.opencart.tests.HomePageTest" name="searcTest" time="5.068"/>
</testsuite> <!-- Open Cart Home Page Test_chromium -->
