<?xml version="1.0" encoding="UTF-8"?>
<!-- Generated by org.testng.reporters.JUnitXMLReporter -->
<testsuite ignored="0" hostname="5410-TI12897" failures="0" tests="5" name="Open Cart Home Page Test_chrome" time="31.052" errors="0" timestamp="2024-09-23T13:20:46 IST">
  <testcase classname="com.qa.opencart.tests.HomePageTest" name="homePageTitleTest" time="0.013"/>
  <testcase classname="com.qa.opencart.tests.HomePageTest" name="homePageUrlTest" time="0.003"/>
  <testcase classname="com.qa.opencart.tests.HomePageTest" name="searcTest" time="4.094"/>
  <testcase classname="com.qa.opencart.tests.HomePageTest" name="searcTest" time="5.535"/>
  <testcase classname="com.qa.opencart.tests.HomePageTest" name="searcTest" time="11.167"/>
</testsuite> <!-- Open Cart Home Page Test_chrome -->
