<?xml version="1.0" encoding="UTF-8"?>
<!-- Generated by org.testng.reporters.JUnitXMLReporter -->
<testsuite ignored="0" hostname="5410-TI12897" failures="0" tests="5" name="Open Cart Home Page Test" time="9.713" errors="0" timestamp="2024-09-23T10:15:26 IST">
  <testcase classname="com.qa.opencart.tests.HomePageTest" name="homePageTitleTest" time="0.02"/>
  <testcase classname="com.qa.opencart.tests.HomePageTest" name="homePageUrlTest" time="0.002"/>
  <testcase classname="com.qa.opencart.tests.HomePageTest" name="searcTest" time="1.047"/>
  <testcase classname="com.qa.opencart.tests.HomePageTest" name="searcTest" time="0.496"/>
  <testcase classname="com.qa.opencart.tests.HomePageTest" name="searcTest" time="1.358"/>
</testsuite> <!-- Open Cart Home Page Test -->
