<?xml version="1.0" encoding="UTF-8"?>
<!-- Generated by org.testng.reporters.JUnitXMLReporter -->
<testsuite ignored="0" hostname="5410-TI12897" failures="0" tests="3" name="Open Cart Login Page Test_firefox" time="26.076" errors="0" timestamp="2024-09-23T13:20:41 IST">
  <testcase classname="com.qa.opencart.tests.LoginPageTest" name="loginPageNavigationTest" time="4.826"/>
  <testcase classname="com.qa.opencart.tests.LoginPageTest" name="forgotPasswordLinkExistTest" time="0.016"/>
  <testcase classname="com.qa.opencart.tests.LoginPageTest" name="appLoginTest" time="7.194"/>
</testsuite> <!-- Open Cart Login Page Test_firefox -->
