<?xml version="1.0" encoding="UTF-8"?>
<testsuite xmlns:xsi="http://www.w3.org/2001/XMLSchema-instance" xsi:noNamespaceSchemaLocation="https://maven.apache.org/surefire/maven-surefire-plugin/xsd/surefire-test-report-3.0.xsd" version="3.0" name="TestSuite" time="18.621" tests="16" errors="0" skipped="0" failures="2">
  <properties>
[...]
</properties>
  <testcase name="homePageTitleTest" classname="com.qa.opencart.tests.HomePageTest" time="0.018">
    <system-out><![CDATA[...
... TestNG 7.8.0 by Cédric Beust (cedric@beust.com)
...

Test Suite started!
Test Suite started!
Test Suite started!
Test Suite started!
Browser name is : chromium
Browser name is : chrome
Browser name is : firefox
Browser name is : edge
loginPageNavigationTest started!
homePageTitleTest started!
The title of the page : Your Store
homePageTitleTest passed!
]]></system-out>
    <system-err><![CDATA[SLF4J: Failed to load class "org.slf4j.impl.StaticLoggerBinder".
SLF4J: Defaulting to no-operation (NOP) logger implementation
SLF4J: See http://www.slf4j.org/codes.html#StaticLoggerBinder for further details.
]]></system-err>
  </testcase>
  <testcase name="homePageTitleTest" classname="com.qa.opencart.tests.HomePageTest" time="0.073">
    <system-out><![CDATA[appLoginTest started!
App Creds: manubalu50003@gmail.com : Manoj@4728
homePageTitleTest started!
The title of the page : Your Store
homePageTitleTest passed!
]]></system-out>
  </testcase>
  <testcase name="homePageUrlTest" classname="com.qa.opencart.tests.HomePageTest" time="0.004">
    <system-out><![CDATA[homePageUrlTest started!
The Url of the page : https://naveenautomationlabs.com/opencart/
homePageUrlTest passed!
]]></system-out>
  </testcase>
  <testcase name="homePageUrlTest" classname="com.qa.opencart.tests.HomePageTest" time="0.004">
    <system-out><![CDATA[homePageUrlTest started!
The Url of the page : https://naveenautomationlabs.com/opencart/
homePageUrlTest passed!
]]></system-out>
  </testcase>
  <testcase name="searcTest[Mackbook](1)" classname="com.qa.opencart.tests.HomePageTest" time="0.4">
    <system-out><![CDATA[searcTest started!
searcTest passed!
]]></system-out>
  </testcase>
  <testcase name="searcTest[Mackbook](1)" classname="com.qa.opencart.tests.HomePageTest" time="0.808">
    <system-out><![CDATA[searcTest passed!
]]></system-out>
  </testcase>
  <testcase name="searcTest[iMac](2)" classname="com.qa.opencart.tests.HomePageTest" time="1.627">
    <system-out><![CDATA[searcTest started!
searcTest passed!
]]></system-out>
  </testcase>
  <testcase name="searcTest[iMac](2)" classname="com.qa.opencart.tests.HomePageTest" time="1.126">
    <system-out><![CDATA[Test Suite is ending!
searcTest passed!
]]></system-out>
  </testcase>
  <testcase name="searcTest[Samsung](3)" classname="com.qa.opencart.tests.HomePageTest" time="0.238">
    <system-out><![CDATA[searcTest started!
Test Suite is ending!
searcTest passed!
loginPageNavigationTest started!
]]></system-out>
  </testcase>
  <testcase name="searcTest[Samsung](3)" classname="com.qa.opencart.tests.HomePageTest" time="0.545">
    <system-out><![CDATA[appLoginTest started!
App Creds: manubalu50003@gmail.com : Manoj@4728
searcTest passed!
]]></system-out>
  </testcase>
  <testcase name="loginPageNavigationTest" classname="com.qa.opencart.tests.LoginPageTest" time="1.082">
    <system-out><![CDATA[searcTest started!
Page actual title : Account Login
loginPageNavigationTest passed!
]]></system-out>
  </testcase>
  <testcase name="loginPageNavigationTest" classname="com.qa.opencart.tests.LoginPageTest" time="0.651">
    <system-out><![CDATA[searcTest started!
Page actual title : Account Login
loginPageNavigationTest passed!
]]></system-out>
  </testcase>
  <testcase name="forgotPasswordLinkExistTest" classname="com.qa.opencart.tests.LoginPageTest" time="0.018">
    <system-out><![CDATA[forgotPasswordLinkExistTest started!
forgotPasswordLinkExistTest passed!
]]></system-out>
  </testcase>
  <testcase name="forgotPasswordLinkExistTest" classname="com.qa.opencart.tests.LoginPageTest" time="0.173">
    <failure message="expected [true] but found [false]" type="java.lang.AssertionError"><![CDATA[java.lang.AssertionError: expected [true] but found [false]
	at org.testng.Assert.fail(Assert.java:111)
	at org.testng.Assert.failNotEquals(Assert.java:1578)
	at org.testng.Assert.assertTrue(Assert.java:57)
	at org.testng.Assert.assertTrue(Assert.java:67)
	at com.qa.opencart.tests.LoginPageTest.forgotPasswordLinkExistTest(LoginPageTest.java:22)
	at java.base/jdk.internal.reflect.DirectMethodHandleAccessor.invoke(DirectMethodHandleAccessor.java:103)
	at java.base/java.lang.reflect.Method.invoke(Method.java:580)
	at org.testng.internal.invokers.MethodInvocationHelper.invokeMethod(MethodInvocationHelper.java:139)
	at org.testng.internal.invokers.TestInvoker.invokeMethod(TestInvoker.java:664)
	at org.testng.internal.invokers.TestInvoker.invokeTestMethod(TestInvoker.java:227)
	at org.testng.internal.invokers.MethodRunner.runInSequence(MethodRunner.java:50)
	at org.testng.internal.invokers.TestInvoker$MethodInvocationAgent.invoke(TestInvoker.java:957)
	at org.testng.internal.invokers.TestInvoker.invokeTestMethods(TestInvoker.java:200)
	at org.testng.internal.invokers.TestMethodWorker.invokeTestMethods(TestMethodWorker.java:148)
	at org.testng.internal.invokers.TestMethodWorker.run(TestMethodWorker.java:128)
	at java.base/java.util.ArrayList.forEach(ArrayList.java:1597)
	at org.testng.TestRunner.privateRun(TestRunner.java:848)
	at org.testng.TestRunner.run(TestRunner.java:621)
	at org.testng.SuiteRunner.runTest(SuiteRunner.java:443)
	at org.testng.SuiteRunner$SuiteWorker.run(SuiteRunner.java:481)
	at org.testng.internal.thread.ThreadUtil.lambda$execute$0(ThreadUtil.java:58)
	at java.base/java.util.concurrent.FutureTask.run(FutureTask.java:317)
	at java.base/java.util.concurrent.ThreadPoolExecutor.runWorker(ThreadPoolExecutor.java:1144)
	at java.base/java.util.concurrent.ThreadPoolExecutor$Worker.run(ThreadPoolExecutor.java:642)
	at java.base/java.lang.Thread.run(Thread.java:1570)
]]></failure>
    <system-out><![CDATA[forgotPasswordLinkExistTest started!
forgotPasswordLinkExistTest failed!
]]></system-out>
  </testcase>
  <testcase name="appLoginTest" classname="com.qa.opencart.tests.LoginPageTest" time="0.537">
    <system-out><![CDATA[searcTest started!
User is logged in successfully.....
appLoginTest passed!
]]></system-out>
  </testcase>
  <testcase name="appLoginTest" classname="com.qa.opencart.tests.LoginPageTest" time="1.321">
    <failure message="expected [true] but found [false]" type="java.lang.AssertionError"><![CDATA[java.lang.AssertionError: expected [true] but found [false]
	at org.testng.Assert.fail(Assert.java:111)
	at org.testng.Assert.failNotEquals(Assert.java:1578)
	at org.testng.Assert.assertTrue(Assert.java:57)
	at org.testng.Assert.assertTrue(Assert.java:67)
	at com.qa.opencart.tests.LoginPageTest.appLoginTest(LoginPageTest.java:28)
	at java.base/jdk.internal.reflect.DirectMethodHandleAccessor.invoke(DirectMethodHandleAccessor.java:103)
	at java.base/java.lang.reflect.Method.invoke(Method.java:580)
	at org.testng.internal.invokers.MethodInvocationHelper.invokeMethod(MethodInvocationHelper.java:139)
	at org.testng.internal.invokers.TestInvoker.invokeMethod(TestInvoker.java:664)
	at org.testng.internal.invokers.TestInvoker.invokeTestMethod(TestInvoker.java:227)
	at org.testng.internal.invokers.MethodRunner.runInSequence(MethodRunner.java:50)
	at org.testng.internal.invokers.TestInvoker$MethodInvocationAgent.invoke(TestInvoker.java:957)
	at org.testng.internal.invokers.TestInvoker.invokeTestMethods(TestInvoker.java:200)
	at org.testng.internal.invokers.TestMethodWorker.invokeTestMethods(TestMethodWorker.java:148)
	at org.testng.internal.invokers.TestMethodWorker.run(TestMethodWorker.java:128)
	at java.base/java.util.ArrayList.forEach(ArrayList.java:1597)
	at org.testng.TestRunner.privateRun(TestRunner.java:848)
	at org.testng.TestRunner.run(TestRunner.java:621)
	at org.testng.SuiteRunner.runTest(SuiteRunner.java:443)
	at org.testng.SuiteRunner$SuiteWorker.run(SuiteRunner.java:481)
	at org.testng.internal.thread.ThreadUtil.lambda$execute$0(ThreadUtil.java:58)
	at java.base/java.util.concurrent.FutureTask.run(FutureTask.java:317)
	at java.base/java.util.concurrent.ThreadPoolExecutor.runWorker(ThreadPoolExecutor.java:1144)
	at java.base/java.util.concurrent.ThreadPoolExecutor$Worker.run(ThreadPoolExecutor.java:642)
	at java.base/java.lang.Thread.run(Thread.java:1570)
]]></failure>
    <system-out><![CDATA[Test Suite is ending!
appLoginTest failed!
]]></system-out>
  </testcase>
</testsuite>