<?xml version="1.0" encoding="UTF-8"?>
<testng-results ignored="0" total="16" passed="16" failed="0" skipped="0">
  <reporter-output>
  </reporter-output>
  <suite started-at="2024-09-23T13:20:15 IST" name="Open Cart Test Regression PW Suite" finished-at="2024-09-23T13:20:49 IST" duration-ms="33975">
    <groups>
    </groups>
    <test started-at="2024-09-23T13:20:15 IST" name="Open Cart Login Page Test_edge" finished-at="2024-09-23T13:20:32 IST" duration-ms="16769">
      <class name="com.qa.opencart.tests.LoginPageTest">
        <test-method is-config="true" signature="setup(java.lang.String)[pri:0, instance:com.qa.opencart.tests.LoginPageTest@13330ac6]" started-at="2024-09-23T13:20:15 IST" name="setup" finished-at="2024-09-23T13:20:22 IST" duration-ms="6868" status="PASS">
          <params>
            <param index="0">
              <value>
                <![CDATA[edge]]>
              </value>
            </param>
          </params>
          <reporter-output>
          </reporter-output>
        </test-method> <!-- setup -->
        <test-method signature="loginPageNavigationTest()[pri:1, instance:com.qa.opencart.tests.LoginPageTest@13330ac6]" started-at="2024-09-23T13:20:22 IST" name="loginPageNavigationTest" finished-at="2024-09-23T13:20:25 IST" duration-ms="2947" status="PASS">
          <reporter-output>
          </reporter-output>
        </test-method> <!-- loginPageNavigationTest -->
        <test-method signature="forgotPasswordLinkExistTest()[pri:2, instance:com.qa.opencart.tests.LoginPageTest@13330ac6]" started-at="2024-09-23T13:20:25 IST" name="forgotPasswordLinkExistTest" finished-at="2024-09-23T13:20:25 IST" duration-ms="22" status="PASS">
          <reporter-output>
          </reporter-output>
        </test-method> <!-- forgotPasswordLinkExistTest -->
        <test-method signature="appLoginTest()[pri:3, instance:com.qa.opencart.tests.LoginPageTest@13330ac6]" started-at="2024-09-23T13:20:25 IST" name="appLoginTest" finished-at="2024-09-23T13:20:32 IST" duration-ms="6513" status="PASS">
          <reporter-output>
          </reporter-output>
        </test-method> <!-- appLoginTest -->
        <test-method is-config="true" signature="tearDown()[pri:0, instance:com.qa.opencart.tests.LoginPageTest@13330ac6]" started-at="2024-09-23T13:20:32 IST" name="tearDown" finished-at="2024-09-23T13:20:32 IST" duration-ms="368" status="PASS">
          <reporter-output>
          </reporter-output>
        </test-method> <!-- tearDown -->
      </class> <!-- com.qa.opencart.tests.LoginPageTest -->
    </test> <!-- Open Cart Login Page Test_edge -->
    <test started-at="2024-09-23T13:20:15 IST" name="Open Cart Login Page Test_firefox" finished-at="2024-09-23T13:20:41 IST" duration-ms="26076">
      <class name="com.qa.opencart.tests.LoginPageTest">
        <test-method is-config="true" signature="setup(java.lang.String)[pri:0, instance:com.qa.opencart.tests.LoginPageTest@31c7528f]" started-at="2024-09-23T13:20:15 IST" name="setup" finished-at="2024-09-23T13:20:29 IST" duration-ms="13819" status="PASS">
          <params>
            <param index="0">
              <value>
                <![CDATA[firefox]]>
              </value>
            </param>
          </params>
          <reporter-output>
          </reporter-output>
        </test-method> <!-- setup -->
        <test-method signature="loginPageNavigationTest()[pri:1, instance:com.qa.opencart.tests.LoginPageTest@31c7528f]" started-at="2024-09-23T13:20:29 IST" name="loginPageNavigationTest" finished-at="2024-09-23T13:20:34 IST" duration-ms="4826" status="PASS">
          <reporter-output>
          </reporter-output>
        </test-method> <!-- loginPageNavigationTest -->
        <test-method signature="forgotPasswordLinkExistTest()[pri:2, instance:com.qa.opencart.tests.LoginPageTest@31c7528f]" started-at="2024-09-23T13:20:34 IST" name="forgotPasswordLinkExistTest" finished-at="2024-09-23T13:20:34 IST" duration-ms="16" status="PASS">
          <reporter-output>
          </reporter-output>
        </test-method> <!-- forgotPasswordLinkExistTest -->
        <test-method signature="appLoginTest()[pri:3, instance:com.qa.opencart.tests.LoginPageTest@31c7528f]" started-at="2024-09-23T13:20:34 IST" name="appLoginTest" finished-at="2024-09-23T13:20:41 IST" duration-ms="7194" status="PASS">
          <reporter-output>
          </reporter-output>
        </test-method> <!-- appLoginTest -->
        <test-method is-config="true" signature="tearDown()[pri:0, instance:com.qa.opencart.tests.LoginPageTest@31c7528f]" started-at="2024-09-23T13:20:41 IST" name="tearDown" finished-at="2024-09-23T13:20:41 IST" duration-ms="206" status="PASS">
          <reporter-output>
          </reporter-output>
        </test-method> <!-- tearDown -->
      </class> <!-- com.qa.opencart.tests.LoginPageTest -->
    </test> <!-- Open Cart Login Page Test_firefox -->
    <test started-at="2024-09-23T13:20:15 IST" name="Open Cart Home Page Test_chrome" finished-at="2024-09-23T13:20:46 IST" duration-ms="31052">
      <class name="com.qa.opencart.tests.HomePageTest">
        <test-method is-config="true" signature="setup(java.lang.String)[pri:0, instance:com.qa.opencart.tests.HomePageTest@66c61024]" started-at="2024-09-23T13:20:15 IST" name="setup" finished-at="2024-09-23T13:20:25 IST" duration-ms="9964" status="PASS">
          <params>
            <param index="0">
              <value>
                <![CDATA[chrome]]>
              </value>
            </param>
          </params>
          <reporter-output>
          </reporter-output>
        </test-method> <!-- setup -->
        <test-method signature="homePageTitleTest()[pri:1, instance:com.qa.opencart.tests.HomePageTest@66c61024]" started-at="2024-09-23T13:20:25 IST" name="homePageTitleTest" finished-at="2024-09-23T13:20:25 IST" duration-ms="13" status="PASS">
          <reporter-output>
          </reporter-output>
        </test-method> <!-- homePageTitleTest -->
        <test-method signature="homePageUrlTest()[pri:2, instance:com.qa.opencart.tests.HomePageTest@66c61024]" started-at="2024-09-23T13:20:25 IST" name="homePageUrlTest" finished-at="2024-09-23T13:20:25 IST" duration-ms="3" status="PASS">
          <reporter-output>
          </reporter-output>
        </test-method> <!-- homePageUrlTest -->
        <test-method signature="searcTest(java.lang.String)[pri:3, instance:com.qa.opencart.tests.HomePageTest@66c61024]" started-at="2024-09-23T13:20:25 IST" name="searcTest" data-provider="getProductData" finished-at="2024-09-23T13:20:29 IST" duration-ms="4094" status="PASS">
          <params>
            <param index="0">
              <value>
                <![CDATA[Mackbook]]>
              </value>
            </param>
          </params>
          <reporter-output>
          </reporter-output>
        </test-method> <!-- searcTest -->
        <test-method signature="searcTest(java.lang.String)[pri:3, instance:com.qa.opencart.tests.HomePageTest@66c61024]" started-at="2024-09-23T13:20:29 IST" name="searcTest" data-provider="getProductData" finished-at="2024-09-23T13:20:35 IST" duration-ms="5535" status="PASS">
          <params>
            <param index="0">
              <value>
                <![CDATA[iMac]]>
              </value>
            </param>
          </params>
          <reporter-output>
          </reporter-output>
        </test-method> <!-- searcTest -->
        <test-method signature="searcTest(java.lang.String)[pri:3, instance:com.qa.opencart.tests.HomePageTest@66c61024]" started-at="2024-09-23T13:20:35 IST" name="searcTest" data-provider="getProductData" finished-at="2024-09-23T13:20:46 IST" duration-ms="11167" status="PASS">
          <params>
            <param index="0">
              <value>
                <![CDATA[Samsung]]>
              </value>
            </param>
          </params>
          <reporter-output>
          </reporter-output>
        </test-method> <!-- searcTest -->
        <test-method is-config="true" signature="tearDown()[pri:0, instance:com.qa.opencart.tests.HomePageTest@66c61024]" started-at="2024-09-23T13:20:46 IST" name="tearDown" finished-at="2024-09-23T13:20:46 IST" duration-ms="250" status="PASS">
          <reporter-output>
          </reporter-output>
        </test-method> <!-- tearDown -->
      </class> <!-- com.qa.opencart.tests.HomePageTest -->
    </test> <!-- Open Cart Home Page Test_chrome -->
    <test started-at="2024-09-23T13:20:15 IST" name="Open Cart Home Page Test_chromium" finished-at="2024-09-23T13:20:49 IST" duration-ms="33975">
      <class name="com.qa.opencart.tests.HomePageTest">
        <test-method is-config="true" signature="setup(java.lang.String)[pri:0, instance:com.qa.opencart.tests.HomePageTest@38aa816f]" started-at="2024-09-23T13:20:15 IST" name="setup" finished-at="2024-09-23T13:20:29 IST" duration-ms="14179" status="PASS">
          <params>
            <param index="0">
              <value>
                <![CDATA[chromium]]>
              </value>
            </param>
          </params>
          <reporter-output>
          </reporter-output>
        </test-method> <!-- setup -->
        <test-method signature="homePageTitleTest()[pri:1, instance:com.qa.opencart.tests.HomePageTest@38aa816f]" started-at="2024-09-23T13:20:29 IST" name="homePageTitleTest" finished-at="2024-09-23T13:20:29 IST" duration-ms="14" status="PASS">
          <reporter-output>
          </reporter-output>
        </test-method> <!-- homePageTitleTest -->
        <test-method signature="homePageUrlTest()[pri:2, instance:com.qa.opencart.tests.HomePageTest@38aa816f]" started-at="2024-09-23T13:20:29 IST" name="homePageUrlTest" finished-at="2024-09-23T13:20:29 IST" duration-ms="1" status="PASS">
          <reporter-output>
          </reporter-output>
        </test-method> <!-- homePageUrlTest -->
        <test-method signature="searcTest(java.lang.String)[pri:3, instance:com.qa.opencart.tests.HomePageTest@38aa816f]" started-at="2024-09-23T13:20:29 IST" name="searcTest" data-provider="getProductData" finished-at="2024-09-23T13:20:39 IST" duration-ms="9182" status="PASS">
          <params>
            <param index="0">
              <value>
                <![CDATA[Mackbook]]>
              </value>
            </param>
          </params>
          <reporter-output>
          </reporter-output>
        </test-method> <!-- searcTest -->
        <test-method signature="searcTest(java.lang.String)[pri:3, instance:com.qa.opencart.tests.HomePageTest@38aa816f]" started-at="2024-09-23T13:20:39 IST" name="searcTest" data-provider="getProductData" finished-at="2024-09-23T13:20:44 IST" duration-ms="5317" status="PASS">
          <params>
            <param index="0">
              <value>
                <![CDATA[iMac]]>
              </value>
            </param>
          </params>
          <reporter-output>
          </reporter-output>
        </test-method> <!-- searcTest -->
        <test-method signature="searcTest(java.lang.String)[pri:3, instance:com.qa.opencart.tests.HomePageTest@38aa816f]" started-at="2024-09-23T13:20:44 IST" name="searcTest" data-provider="getProductData" finished-at="2024-09-23T13:20:49 IST" duration-ms="5068" status="PASS">
          <params>
            <param index="0">
              <value>
                <![CDATA[Samsung]]>
              </value>
            </param>
          </params>
          <reporter-output>
          </reporter-output>
        </test-method> <!-- searcTest -->
        <test-method is-config="true" signature="tearDown()[pri:0, instance:com.qa.opencart.tests.HomePageTest@38aa816f]" started-at="2024-09-23T13:20:49 IST" name="tearDown" finished-at="2024-09-23T13:20:49 IST" duration-ms="200" status="PASS">
          <reporter-output>
          </reporter-output>
        </test-method> <!-- tearDown -->
      </class> <!-- com.qa.opencart.tests.HomePageTest -->
    </test> <!-- Open Cart Home Page Test_chromium -->
  </suite> <!-- Open Cart Test Regression PW Suite -->
</testng-results>
